<?xml version="1.0" encoding="UTF-8"?>
<!-- Generated by org.testng.reporters.JUnitReportReporter -->
<testsuite hostname="LAPTOP-68E1F4DG" failures="0" tests="1" name="com.example.testingjava.Day3task1" time="24.328" errors="0" timestamp="2 Jun 2023 08:53:56 GMT">
  <testcase classname="com.example.testingjava.Day3task1" name="main1" time="24.328"/>
</testsuite> <!-- com.example.testingjava.Day3task1 -->
