<?xml version="1.0" encoding="UTF-8"?>
<!-- Generated by org.testng.reporters.JUnitReportReporter -->
<testsuite hostname="LAPTOP-68E1F4DG" failures="0" tests="6" name="Day9.Day9.ExelTest" time="0.474" errors="0" timestamp="6 Jun 2023 10:31:27 GMT">
  <testcase classname="Day9.Day9.ExelTest" name="addMethod" time="0.035"/>
  <testcase classname="Day9.Day9.ExelTest" name="addMethod" time="0.258"/>
  <testcase classname="Day9.Day9.ExelTest" name="addMethod" time="0.040"/>
  <testcase classname="Day9.Day9.ExelTest" name="addMethod" time="0.044"/>
  <testcase classname="Day9.Day9.ExelTest" name="addMethod" time="0.043"/>
  <testcase classname="Day9.Day9.ExelTest" name="addMethod" time="0.054"/>
</testsuite> <!-- Day9.Day9.ExelTest -->
